<?xml version="1.0" encoding="UTF-8"?>
<testng-results ignored="0" total="1" passed="1" failed="0" skipped="0">
  <reporter-output>
  </reporter-output>
  <suite started-at="2026-02-07T16:59:19 IST" name="Default suite" finished-at="2026-02-07T16:59:31 IST" duration-ms="11548">
    <groups>
    </groups>
    <test started-at="2026-02-07T16:59:19 IST" name="Default test" finished-at="2026-02-07T16:59:31 IST" duration-ms="11548">
      <class name="lms_Activities.Activity9">
        <test-method is-config="true" signature="setUp()[pri:0, instance:lms_Activities.Activity9@2f4948e4]" started-at="2026-02-07T16:59:19 IST" name="setUp" finished-at="2026-02-07T16:59:27 IST" duration-ms="7795" status="PASS">
          <reporter-output>
          </reporter-output>
        </test-method> <!-- setUp -->
        <test-method signature="VerifyTest()[pri:0, instance:lms_Activities.Activity9@2f4948e4]" started-at="2026-02-07T16:59:27 IST" name="VerifyTest" finished-at="2026-02-07T16:59:31 IST" duration-ms="3633" status="PASS">
          <reporter-output>
          </reporter-output>
        </test-method> <!-- VerifyTest -->
      </class> <!-- lms_Activities.Activity9 -->
    </test> <!-- Default test -->
  </suite> <!-- Default suite -->
</testng-results>
