<?xml version="1.0" encoding="UTF-8"?>
<testng-results ignored="0" total="3" passed="3" failed="0" skipped="0">
  <reporter-output>
    <line>
      <![CDATA[Post Response: {
    "id": 140652836,
    "key": "ssh-rsa AAAAB3NzaC1yc2EAAAADAQABAAABAQC04J6qP3os7VMylFQXhyeURKrYPLY9SICWEUJZ8N+nrO2PC2MypB0Ffhu9zDO0GSABFgRDjCLixGaTfZmG6KJUoIbD7W+n6U2txd0ccIxeWtXu4GI0afnRmit0Mee0q2MTTJJ/Fh6cWx5Nd1AHgOQFtHK0ePBqpMjyLh9rmNvTE3Tw4QYHxV5VXErzk9qRK5IesXvhJBGwaUXKLPsmod4byY1WgxrxxB1bfjC4VFhGCZGVpIDCPjv4Bf2aCPzmGHlls0C3xVP3VmqYS2lDCscQYQKeBBZlkmtZYmIhCkt+NjpxkPoSP3z4x5j3ec6HegoI75i3F2qhNUBf0ThNiyLD",
    "created_at": "2026-01-18T13:15:24Z",
    "last_used": null,
    "url": "https://api.github.com/user/keys/140652836",
    "title": "TestAPIKey",
    "verified": true,
    "read_only": false
}]]>
    </line>
    <line>
      <![CDATA[Get Response: {
    "id": 140652836,
    "key": "ssh-rsa AAAAB3NzaC1yc2EAAAADAQABAAABAQC04J6qP3os7VMylFQXhyeURKrYPLY9SICWEUJZ8N+nrO2PC2MypB0Ffhu9zDO0GSABFgRDjCLixGaTfZmG6KJUoIbD7W+n6U2txd0ccIxeWtXu4GI0afnRmit0Mee0q2MTTJJ/Fh6cWx5Nd1AHgOQFtHK0ePBqpMjyLh9rmNvTE3Tw4QYHxV5VXErzk9qRK5IesXvhJBGwaUXKLPsmod4byY1WgxrxxB1bfjC4VFhGCZGVpIDCPjv4Bf2aCPzmGHlls0C3xVP3VmqYS2lDCscQYQKeBBZlkmtZYmIhCkt+NjpxkPoSP3z4x5j3ec6HegoI75i3F2qhNUBf0ThNiyLD",
    "created_at": "2026-01-18T13:15:24Z",
    "last_used": null,
    "url": "https://api.github.com/user/keys/140652836",
    "title": "TestAPIKey",
    "verified": true,
    "read_only": false
}]]>
    </line>
    <line>
      <![CDATA[Delete Response status code: 204]]>
    </line>
  </reporter-output>
  <suite started-at="2026-01-18T18:45:21 IST" name="Default suite" finished-at="2026-01-18T18:45:25 IST" duration-ms="4000">
    <groups>
    </groups>
    <test started-at="2026-01-18T18:45:21 IST" name="Default test" finished-at="2026-01-18T18:45:25 IST" duration-ms="4000">
      <class name="projectActivities.ProjectTest">
        <test-method is-config="true" signature="setUp()[pri:0, instance:projectActivities.ProjectTest@6e171cd7]" started-at="2026-01-18T18:45:21 IST" name="setUp" finished-at="2026-01-18T18:45:22 IST" duration-ms="748" status="PASS">
          <reporter-output>
          </reporter-output>
        </test-method> <!-- setUp -->
        <test-method signature="postRequestTest()[pri:1, instance:projectActivities.ProjectTest@6e171cd7]" started-at="2026-01-18T18:45:22 IST" name="postRequestTest" finished-at="2026-01-18T18:45:24 IST" duration-ms="2320" status="PASS">
          <reporter-output>
            <line>
              <![CDATA[Post Response: {
    "id": 140652836,
    "key": "ssh-rsa AAAAB3NzaC1yc2EAAAADAQABAAABAQC04J6qP3os7VMylFQXhyeURKrYPLY9SICWEUJZ8N+nrO2PC2MypB0Ffhu9zDO0GSABFgRDjCLixGaTfZmG6KJUoIbD7W+n6U2txd0ccIxeWtXu4GI0afnRmit0Mee0q2MTTJJ/Fh6cWx5Nd1AHgOQFtHK0ePBqpMjyLh9rmNvTE3Tw4QYHxV5VXErzk9qRK5IesXvhJBGwaUXKLPsmod4byY1WgxrxxB1bfjC4VFhGCZGVpIDCPjv4Bf2aCPzmGHlls0C3xVP3VmqYS2lDCscQYQKeBBZlkmtZYmIhCkt+NjpxkPoSP3z4x5j3ec6HegoI75i3F2qhNUBf0ThNiyLD",
    "created_at": "2026-01-18T13:15:24Z",
    "last_used": null,
    "url": "https://api.github.com/user/keys/140652836",
    "title": "TestAPIKey",
    "verified": true,
    "read_only": false
}]]>
            </line>
          </reporter-output>
        </test-method> <!-- postRequestTest -->
        <test-method signature="getRequestTest()[pri:2, instance:projectActivities.ProjectTest@6e171cd7]" started-at="2026-01-18T18:45:24 IST" name="getRequestTest" finished-at="2026-01-18T18:45:25 IST" duration-ms="462" status="PASS">
          <reporter-output>
            <line>
              <![CDATA[Get Response: {
    "id": 140652836,
    "key": "ssh-rsa AAAAB3NzaC1yc2EAAAADAQABAAABAQC04J6qP3os7VMylFQXhyeURKrYPLY9SICWEUJZ8N+nrO2PC2MypB0Ffhu9zDO0GSABFgRDjCLixGaTfZmG6KJUoIbD7W+n6U2txd0ccIxeWtXu4GI0afnRmit0Mee0q2MTTJJ/Fh6cWx5Nd1AHgOQFtHK0ePBqpMjyLh9rmNvTE3Tw4QYHxV5VXErzk9qRK5IesXvhJBGwaUXKLPsmod4byY1WgxrxxB1bfjC4VFhGCZGVpIDCPjv4Bf2aCPzmGHlls0C3xVP3VmqYS2lDCscQYQKeBBZlkmtZYmIhCkt+NjpxkPoSP3z4x5j3ec6HegoI75i3F2qhNUBf0ThNiyLD",
    "created_at": "2026-01-18T13:15:24Z",
    "last_used": null,
    "url": "https://api.github.com/user/keys/140652836",
    "title": "TestAPIKey",
    "verified": true,
    "read_only": false
}]]>
            </line>
          </reporter-output>
        </test-method> <!-- getRequestTest -->
        <test-method signature="deleteRequestTest()[pri:3, instance:projectActivities.ProjectTest@6e171cd7]" started-at="2026-01-18T18:45:25 IST" name="deleteRequestTest" finished-at="2026-01-18T18:45:25 IST" duration-ms="431" status="PASS">
          <reporter-output>
            <line>
              <![CDATA[Delete Response status code: 204]]>
            </line>
          </reporter-output>
        </test-method> <!-- deleteRequestTest -->
      </class> <!-- projectActivities.ProjectTest -->
    </test> <!-- Default test -->
  </suite> <!-- Default suite -->
</testng-results>
