<?xml version="1.0" encoding="UTF-8"?>
<!-- Generated by org.testng.reporters.JUnitXMLReporter -->
<testsuite ignored="0" hostname="IBM-PF33HHQW" failures="0" tests="3" name="Default test" time="4.0" errors="0" timestamp="2026-01-18T18:45:25 IST">
  <testcase classname="projectActivities.ProjectTest" name="postRequestTest" time="2.32"/>
  <testcase classname="projectActivities.ProjectTest" name="getRequestTest" time="0.462"/>
  <testcase classname="projectActivities.ProjectTest" name="deleteRequestTest" time="0.431"/>
</testsuite> <!-- Default test -->
