<?xml version="1.0" encoding="UTF-8"?>
<!-- Generated by org.testng.reporters.JUnitReportReporter -->
<testsuite hostname="IBM-PF33HHQW" failures="0" tests="3" name="projectActivities.ProjectTest" time="3.213" errors="0" timestamp="2026-01-18T18:45:25 IST" skipped="0">
  <testcase classname="projectActivities.ProjectTest" name="postRequestTest" time="2.320"/>
  <system-out>
    <![CDATA[Post Response: {
    "id": 140652836,
    "key": "ssh-rsa AAAAB3NzaC1yc2EAAAADAQABAAABAQC04J6qP3os7VMylFQXhyeURKrYPLY9SICWEUJZ8N+nrO2PC2MypB0Ffhu9zDO0GSABFgRDjCLixGaTfZmG6KJUoIbD7W+n6U2txd0ccIxeWtXu4GI0afnRmit0Mee0q2MTTJJ/Fh6cWx5Nd1AHgOQFtHK0ePBqpMjyLh9rmNvTE3Tw4QYHxV5VXErzk9qRK5IesXvhJBGwaUXKLPsmod4byY1WgxrxxB1bfjC4VFhGCZGVpIDCPjv4Bf2aCPzmGHlls0C3xVP3VmqYS2lDCscQYQKeBBZlkmtZYmIhCkt+NjpxkPoSP3z4x5j3ec6HegoI75i3F2qhNUBf0ThNiyLD",
    "created_at": "2026-01-18T13:15:24Z",
    "last_used": null,
    "url": "https://api.github.com/user/keys/140652836",
    "title": "TestAPIKey",
    "verified": true,
    "read_only": false
}]]>
  </system-out>
  <testcase classname="projectActivities.ProjectTest" name="getRequestTest" time="0.462"/>
  <system-out>
    <![CDATA[Get Response: {
    "id": 140652836,
    "key": "ssh-rsa AAAAB3NzaC1yc2EAAAADAQABAAABAQC04J6qP3os7VMylFQXhyeURKrYPLY9SICWEUJZ8N+nrO2PC2MypB0Ffhu9zDO0GSABFgRDjCLixGaTfZmG6KJUoIbD7W+n6U2txd0ccIxeWtXu4GI0afnRmit0Mee0q2MTTJJ/Fh6cWx5Nd1AHgOQFtHK0ePBqpMjyLh9rmNvTE3Tw4QYHxV5VXErzk9qRK5IesXvhJBGwaUXKLPsmod4byY1WgxrxxB1bfjC4VFhGCZGVpIDCPjv4Bf2aCPzmGHlls0C3xVP3VmqYS2lDCscQYQKeBBZlkmtZYmIhCkt+NjpxkPoSP3z4x5j3ec6HegoI75i3F2qhNUBf0ThNiyLD",
    "created_at": "2026-01-18T13:15:24Z",
    "last_used": null,
    "url": "https://api.github.com/user/keys/140652836",
    "title": "TestAPIKey",
    "verified": true,
    "read_only": false
}]]>
  </system-out>
  <testcase classname="projectActivities.ProjectTest" name="deleteRequestTest" time="0.431"/>
  <system-out>
    <![CDATA[Delete Response status code: 204]]>
  </system-out>
</testsuite> <!-- projectActivities.ProjectTest -->
